app/build/outputs/logs/manifest-merger-debug-report.txt
-- Merging decision tree log ---
manifest
ADDED from src/main/AndroidManifest.xml:2:1-636:12
	package
		ADDED from src/main/AndroidManifest.xml:3:11-44
		INJECTED from src/main/AndroidManifest.xml
		INJECTED from src/main/AndroidManifest.xml
	android:versionName
		ADDED from src/main/AndroidManifest.xml:5:11-38
		INJECTED from src/main/AndroidManifest.xml
		INJECTED from src/main/AndroidManifest.xml
	android:versionCode
		ADDED from src/main/AndroidManifest.xml:4:11-34
		INJECTED from src/main/AndroidManifest.xml
		INJECTED from src/main/AndroidManifest.xml
	xmlns:android
		ADDED from src/main/AndroidManifest.xml:2:11-69
uses-sdk
ADDED from src/main/AndroidManifest.xml:7:5-9:40
MERGED from [com.android.support:recyclerview-v7:23.4.0] AndroidManifest.xml:20:5-43
MERGED from [com.android.support:appcompat-v7:21.0.3] AndroidManifest.xml:15:5-42
MERGED from [com.android.support:support-v4:23.4.0] AndroidManifest.xml:20:5-43
MERGED from [com.android.support.constraint:constraint-layout:1.0.2] AndroidManifest.xml:5:5-7:41
	android:targetSdkVersion
		ADDED from src/main/AndroidManifest.xml:9:9-38
		INJECTED from src/main/AndroidManifest.xml
		INJECTED from src/main/AndroidManifest.xml
	android:minSdkVersion
		ADDED from src/main/AndroidManifest.xml:8:9-35
		INJECTED from src/main/AndroidManifest.xml
		INJECTED from src/main/AndroidManifest.xml
uses-permission#android.permission.SYSTEM_ALERT_WINDOW
ADDED from src/main/AndroidManifest.xml:11:5-77
	android:name
		ADDED from src/main/AndroidManifest.xml:11:22-75
uses-permission#android.permission.INTERNET
ADDED from src/main/AndroidManifest.xml:13:5-66
	android:name
		ADDED from src/main/AndroidManifest.xml:13:22-64
uses-permission#android.permission.ACCESS_NETWORK_STATE
ADDED from src/main/AndroidManifest.xml:15:5-78
	android:name
		ADDED from src/main/AndroidManifest.xml:15:22-76
uses-permission#android.permission.ACCESS_WIFI_STATE
ADDED from src/main/AndroidManifest.xml:17:5-75
	android:name
		ADDED from src/main/AndroidManifest.xml:17:22-73
uses-permission#android.permission.CHANGE_WIFI_STATE
ADDED from src/main/AndroidManifest.xml:19:5-75
	android:name
		ADDED from src/main/AndroidManifest.xml:19:22-73
uses-permission#android.permission.BLUETOOTH
ADDED from src/main/AndroidManifest.xml:21:5-67
	android:name
		ADDED from src/main/AndroidManifest.xml:21:22-65
uses-permission#android.permission.BLUETOOTH_ADMIN
ADDED from src/main/AndroidManifest.xml:23:5-73
	android:name
		ADDED from src/main/AndroidManifest.xml:23:22-71
uses-permission#android.permission.ACCESS_COARSE_LOCATION
ADDED from src/main/AndroidManifest.xml:25:5-80
	android:name
		ADDED from src/main/AndroidManifest.xml:25:22-78
uses-permission#android.permission.VIBRATE
ADDED from src/main/AndroidManifest.xml:26:5-65
	android:name
		ADDED from src/main/AndroidManifest.xml:26:22-63
uses-permission#android.permission.READ_EXTERNAL_STORAGE
ADDED from src/main/AndroidManifest.xml:28:5-79
	android:name
		ADDED from src/main/AndroidManifest.xml:28:22-77
uses-permission#android.permission.WRITE_EXTERNAL_STORAGE
ADDED from src/main/AndroidManifest.xml:30:5-80
	android:name
		ADDED from src/main/AndroidManifest.xml:30:22-78
uses-permission#android.permission.READ_PHONE_STATE
ADDED from src/main/AndroidManifest.xml:32:5-74
	android:name
		ADDED from src/main/AndroidManifest.xml:32:22-72
uses-permission#android.permission.CAMERA
ADDED from src/main/AndroidManifest.xml:34:5-64
	android:name
		ADDED from src/main/AndroidManifest.xml:34:22-62
uses-permission#android.permission.GET_TASKS
ADDED from src/main/AndroidManifest.xml:36:5-67
	android:name
		ADDED from src/main/AndroidManifest.xml:36:22-65
uses-permission#android.permission.MANAGE_ACCOUNTS
ADDED from src/main/AndroidManifest.xml:37:5-73
	android:name
		ADDED from src/main/AndroidManifest.xml:37:22-71
uses-permission#android.permission.GET_ACCOUNTS
ADDED from src/main/AndroidManifest.xml:38:5-70
	android:name
		ADDED from src/main/AndroidManifest.xml:38:22-68
application
ADDED from src/main/AndroidManifest.xml:40:5-634:19
MERGED from [com.android.support:appcompat-v7:21.0.3] AndroidManifest.xml:16:5-19
MERGED from [com.android.support:support-v4:23.4.0] AndroidManifest.xml:22:5-20
MERGED from [com.android.support.constraint:constraint-layout:1.0.2] AndroidManifest.xml:9:5-20
	android:label
		ADDED from src/main/AndroidManifest.xml:44:9-41
	android:allowBackup
		ADDED from src/main/AndroidManifest.xml:42:9-36
	android:icon
		ADDED from src/main/AndroidManifest.xml:43:9-45
	android:theme
		ADDED from src/main/AndroidManifest.xml:46:9-40
	android:logo
		ADDED from src/main/AndroidManifest.xml:45:9-45
	android:name
		ADDED from src/main/AndroidManifest.xml:41:9-40
activity#cn.com.amome.amomeshoes.view.account.WelcomeActivity
ADDED from src/main/AndroidManifest.xml:47:9-59:20
	android:screenOrientation
		ADDED from src/main/AndroidManifest.xml:52:13-49
	android:label
		ADDED from src/main/AndroidManifest.xml:51:13-45
	android:configChanges
		ADDED from src/main/AndroidManifest.xml:50:13-63
	android:alwaysRetainTaskState
		ADDED from src/main/AndroidManifest.xml:49:13-49
	android:theme
		ADDED from src/main/AndroidManifest.xml:53:13-72
	android:name
		ADDED from src/main/AndroidManifest.xml:48:13-57
intent-filter#android.intent.action.MAIN+android.intent.category.LAUNCHER
ADDED from src/main/AndroidManifest.xml:54:13-58:29
action#android.intent.action.MAIN
ADDED from src/main/AndroidManifest.xml:55:17-68
	android:name
		ADDED from src/main/AndroidManifest.xml:55:25-66
category#android.intent.category.LAUNCHER
ADDED from src/main/AndroidManifest.xml:57:17-76
	android:name
		ADDED from src/main/AndroidManifest.xml:57:27-74
activity#cn.com.amome.amomeshoes.view.account.IntroductionActivity
ADDED from src/main/AndroidManifest.xml:61:9-65:20
	android:screenOrientation
		ADDED from src/main/AndroidManifest.xml:63:13-49
	android:theme
		ADDED from src/main/AndroidManifest.xml:64:13-72
	android:name
		ADDED from src/main/AndroidManifest.xml:62:13-62
activity#cn.com.amome.amomeshoes.view.account.LoginActivity
ADDED from src/main/AndroidManifest.xml:67:9-71:20
	android:screenOrientation
		ADDED from src/main/AndroidManifest.xml:69:13-49
	android:theme
		ADDED from src/main/AndroidManifest.xml:70:13-72
	android:name
		ADDED from src/main/AndroidManifest.xml:68:13-55
activity#cn.com.amome.amomeshoes.view.account.ForgetPwActivity
ADDED from src/main/AndroidManifest.xml:73:9-77:20
	android:screenOrientation
		ADDED from src/main/AndroidManifest.xml:75:13-49
	android:theme
		ADDED from src/main/AndroidManifest.xml:76:13-72
	android:name
		ADDED from src/main/AndroidManifest.xml:74:13-58
activity#cn.com.amome.amomeshoes.view.account.RegisterActivity
ADDED from src/main/AndroidManifest.xml:79:9-83:20
	android:screenOrientation
		ADDED from src/main/AndroidManifest.xml:81:13-49
	android:theme
		ADDED from src/main/AndroidManifest.xml:82:13-72
	android:name
		ADDED from src/main/AndroidManifest.xml:80:13-58
activity#cn.com.amome.amomeshoes.view.account.RegProtoActivity
ADDED from src/main/AndroidManifest.xml:85:9-90:20
	android:screenOrientation
		ADDED from src/main/AndroidManifest.xml:87:13-49
	android:windowSoftInputMode
		ADDED from src/main/AndroidManifest.xml:89:13-72
	android:theme
		ADDED from src/main/AndroidManifest.xml:88:13-72
	android:name
		ADDED from src/main/AndroidManifest.xml:86:13-58
activity#cn.com.amome.amomeshoes.view.account.ChoosePayActivity
ADDED from src/main/AndroidManifest.xml:92:9-97:20
	android:screenOrientation
		ADDED from src/main/AndroidManifest.xml:94:13-49
	android:windowSoftInputMode
		ADDED from src/main/AndroidManifest.xml:96:13-72
	android:theme
		ADDED from src/main/AndroidManifest.xml:95:13-72
	android:name
		ADDED from src/main/AndroidManifest.xml:93:13-59
activity#cn.com.amome.amomeshoes.view.account.SweepActivity
ADDED from src/main/AndroidManifest.xml:99:9-105:20
	android:screenOrientation
		ADDED from src/main/AndroidManifest.xml:102:13-49
	android:windowSoftInputMode
		ADDED from src/main/AndroidManifest.xml:104:13-72
	android:configChanges
		ADDED from src/main/AndroidManifest.xml:101:13-63
	android:theme
		ADDED from src/main/AndroidManifest.xml:103:13-72
	android:name
		ADDED from src/main/AndroidManifest.xml:100:13-55
activity#cn.com.amome.amomeshoes.view.account.PayActivity
ADDED from src/main/AndroidManifest.xml:107:9-112:20
	android:screenOrientation
		ADDED from src/main/AndroidManifest.xml:109:13-49
	android:windowSoftInputMode
		ADDED from src/main/AndroidManifest.xml:111:13-72
	android:theme
		ADDED from src/main/AndroidManifest.xml:110:13-72
	android:name
		ADDED from src/main/AndroidManifest.xml:108:13-53
activity#cn.com.amome.amomeshoes.view.account.PayResultActivity
ADDED from src/main/AndroidManifest.xml:114:9-119:20
	android:screenOrientation
		ADDED from src/main/AndroidManifest.xml:116:13-49
	android:windowSoftInputMode
		ADDED from src/main/AndroidManifest.xml:118:13-72
	android:theme
		ADDED from src/main/AndroidManifest.xml:117:13-72
	android:name
		ADDED from src/main/AndroidManifest.xml:115:13-59
activity#cn.com.amome.amomeshoes.view.main.MainFragmentActivity
ADDED from src/main/AndroidManifest.xml:121:9-125:20
	android:screenOrientation
		ADDED from src/main/AndroidManifest.xml:123:13-49
	android:theme
		ADDED from src/main/AndroidManifest.xml:124:13-72
	android:name
		ADDED from src/main/AndroidManifest.xml:122:13-59
activity#cn.com.amome.amomeshoes.view.main.health.MarketWebviewActivity
ADDED from src/main/AndroidManifest.xml:127:9-131:20
	android:screenOrientation
		ADDED from src/main/AndroidManifest.xml:129:13-49
	android:theme
		ADDED from src/main/AndroidManifest.xml:130:13-72
	android:name
		ADDED from src/main/AndroidManifest.xml:128:13-67
activity#cn.com.amome.amomeshoes.view.main.my.setting.JDWebviewActivity
ADDED from src/main/AndroidManifest.xml:133:9-137:20
	android:screenOrientation
		ADDED from src/main/AndroidManifest.xml:135:13-49
	android:theme
		ADDED from src/main/AndroidManifest.xml:136:13-72
	android:name
		ADDED from src/main/AndroidManifest.xml:134:13-67
activity#cn.com.amome.amomeshoes.view.main.my.setting.WeiboWebviewActivity
ADDED from src/main/AndroidManifest.xml:139:9-143:20
	android:screenOrientation
		ADDED from src/main/AndroidManifest.xml:141:13-49
	android:theme
		ADDED from src/main/AndroidManifest.xml:142:13-72
	android:name
		ADDED from src/main/AndroidManifest.xml:140:13-70
activity#cn.com.amome.amomeshoes.view.main.health.service.look.LookMainActivity
ADDED from src/main/AndroidManifest.xml:145:9-150:20
	android:screenOrientation
		ADDED from src/main/AndroidManifest.xml:147:13-49
	android:windowSoftInputMode
		ADDED from src/main/AndroidManifest.xml:149:13-64
	android:theme
		ADDED from src/main/AndroidManifest.xml:148:13-72
	android:name
		ADDED from src/main/AndroidManifest.xml:146:13-75
activity#cn.com.amome.amomeshoes.view.main.health.service.look.FootLookActivity
ADDED from src/main/AndroidManifest.xml:152:9-157:20
	android:screenOrientation
		ADDED from src/main/AndroidManifest.xml:154:13-49
	android:windowSoftInputMode
		ADDED from src/main/AndroidManifest.xml:156:13-64
	android:theme
		ADDED from src/main/AndroidManifest.xml:155:13-72
	android:name
		ADDED from src/main/AndroidManifest.xml:153:13-75
activity#cn.com.amome.amomeshoes.view.main.health.service.look.LookFootpainActivity
ADDED from src/main/AndroidManifest.xml:159:9-164:20
	android:screenOrientation
		ADDED from src/main/AndroidManifest.xml:161:13-49
	android:windowSoftInputMode
		ADDED from src/main/AndroidManifest.xml:163:13-64
	android:theme
		ADDED from src/main/AndroidManifest.xml:162:13-72
	android:name
		ADDED from src/main/AndroidManifest.xml:160:13-79
activity#cn.com.amome.amomeshoes.view.main.health.service.look.LookFootdiseasActivity
ADDED from src/main/AndroidManifest.xml:166:9-171:20
	android:screenOrientation
		ADDED from src/main/AndroidManifest.xml:168:13-49
	android:windowSoftInputMode
		ADDED from src/main/AndroidManifest.xml:170:13-64
	android:theme
		ADDED from src/main/AndroidManifest.xml:169:13-72
	android:name
		ADDED from src/main/AndroidManifest.xml:167:13-81
activity#cn.com.amome.amomeshoes.view.main.health.service.look.LookFootcolorActivity
ADDED from src/main/AndroidManifest.xml:173:9-178:20
	android:screenOrientation
		ADDED from src/main/AndroidManifest.xml:175:13-49
	android:windowSoftInputMode
		ADDED from src/main/AndroidManifest.xml:177:13-64
	android:theme
		ADDED from src/main/AndroidManifest.xml:176:13-72
	android:name
		ADDED from src/main/AndroidManifest.xml:174:13-80
activity#cn.com.amome.amomeshoes.view.main.health.service.look.LookFootprintsActivity
ADDED from src/main/AndroidManifest.xml:180:9-185:20
	android:screenOrientation
		ADDED from src/main/AndroidManifest.xml:182:13-49
	android:windowSoftInputMode
		ADDED from src/main/AndroidManifest.xml:184:13-64
	android:theme
		ADDED from src/main/AndroidManifest.xml:183:13-72
	android:name
		ADDED from src/main/AndroidManifest.xml:181:13-81
activity#cn.com.amome.amomeshoes.view.main.health.service.look.LookShapActivity
ADDED from src/main/AndroidManifest.xml:187:9-192:20
	android:screenOrientation
		ADDED from src/main/AndroidManifest.xml:189:13-49
	android:windowSoftInputMode
		ADDED from src/main/AndroidManifest.xml:191:13-64
	android:theme
		ADDED from src/main/AndroidManifest.xml:190:13-72
	android:name
		ADDED from src/main/AndroidManifest.xml:188:13-75
activity#cn.com.amome.amomeshoes.view.main.health.service.look.LookSizeActivity
ADDED from src/main/AndroidManifest.xml:194:9-199:20
	android:screenOrientation
		ADDED from src/main/AndroidManifest.xml:196:13-49
	android:windowSoftInputMode
		ADDED from src/main/AndroidManifest.xml:198:13-64
	android:theme
		ADDED from src/main/AndroidManifest.xml:197:13-72
	android:name
		ADDED from src/main/AndroidManifest.xml:195:13-75
activity#cn.com.amome.amomeshoes.view.main.health.service.ruler.RulerIntroductionActivity
ADDED from src/main/AndroidManifest.xml:201:9-205:20
	android:screenOrientation
		ADDED from src/main/AndroidManifest.xml:203:13-49
	android:theme
		ADDED from src/main/AndroidManifest.xml:204:13-72
	android:name
		ADDED from src/main/AndroidManifest.xml:202:13-85
activity#cn.com.amome.amomeshoes.view.main.health.service.ruler.RulerFootRightActivity
ADDED from src/main/AndroidManifest.xml:207:9-211:20
	android:screenOrientation
		ADDED from src/main/AndroidManifest.xml:209:13-49
	android:theme
		ADDED from src/main/AndroidManifest.xml:210:13-72
	android:name
		ADDED from src/main/AndroidManifest.xml:208:13-82
activity#cn.com.amome.amomeshoes.view.main.health.service.ruler.RulerFootLeftActivity
ADDED from src/main/AndroidManifest.xml:213:9-217:20
	android:screenOrientation
		ADDED from src/main/AndroidManifest.xml:215:13-49
	android:theme
		ADDED from src/main/AndroidManifest.xml:216:13-72
	android:name
		ADDED from src/main/AndroidManifest.xml:214:13-81
activity#cn.com.amome.amomeshoes.view.main.health.service.ruler.RulerResultActivity
ADDED from src/main/AndroidManifest.xml:219:9-223:20
	android:screenOrientation
		ADDED from src/main/AndroidManifest.xml:221:13-49
	android:theme
		ADDED from src/main/AndroidManifest.xml:222:13-72
	android:name
		ADDED from src/main/AndroidManifest.xml:220:13-79
activity#cn.com.amome.amomeshoes.view.main.health.service.shoebox.MainShoesBoxActivity
ADDED from src/main/AndroidManifest.xml:225:9-229:20
	android:screenOrientation
		ADDED from src/main/AndroidManifest.xml:227:13-49
	android:theme
		ADDED from src/main/AndroidManifest.xml:228:13-72
	android:name
		ADDED from src/main/AndroidManifest.xml:226:13-82
activity#cn.com.amome.amomeshoes.view.main.health.service.shoebox.AddShoesBoxActivity
ADDED from src/main/AndroidManifest.xml:231:9-235:20
	android:screenOrientation
		ADDED from src/main/AndroidManifest.xml:233:13-49
	android:theme
		ADDED from src/main/AndroidManifest.xml:234:13-72
	android:name
		ADDED from src/main/AndroidManifest.xml:232:13-81
activity#cn.com.amome.amomeshoes.view.main.health.service.shoebox.ClipPictureActivity
ADDED from src/main/AndroidManifest.xml:237:9-241:20
	android:screenOrientation
		ADDED from src/main/AndroidManifest.xml:239:13-49
	android:theme
		ADDED from src/main/AndroidManifest.xml:240:13-72
	android:name
		ADDED from src/main/AndroidManifest.xml:238:13-81
activity#cn.com.amome.amomeshoes.view.main.health.service.shoebox.ShoeBrandListActivity
ADDED from src/main/AndroidManifest.xml:243:9-248:20
	android:screenOrientation
		ADDED from src/main/AndroidManifest.xml:245:13-49
	android:windowSoftInputMode
		ADDED from src/main/AndroidManifest.xml:247:13-64
	android:theme
		ADDED from src/main/AndroidManifest.xml:246:13-72
	android:name
		ADDED from src/main/AndroidManifest.xml:244:13-83
activity#cn.com.amome.amomeshoes.view.main.health.service.shoebox.ShoeCategoryListActivity
ADDED from src/main/AndroidManifest.xml:250:9-255:20
	android:screenOrientation
		ADDED from src/main/AndroidManifest.xml:252:13-49
	android:windowSoftInputMode
		ADDED from src/main/AndroidManifest.xml:254:13-64
	android:theme
		ADDED from src/main/AndroidManifest.xml:253:13-72
	android:name
		ADDED from src/main/AndroidManifest.xml:251:13-86
activity#cn.com.amome.amomeshoes.view.main.health.service.shoebox.ShoeMaterialListActivity
ADDED from src/main/AndroidManifest.xml:257:9-262:20
	android:screenOrientation
		ADDED from src/main/AndroidManifest.xml:259:13-49
	android:windowSoftInputMode
		ADDED from src/main/AndroidManifest.xml:261:13-64
	android:theme
		ADDED from src/main/AndroidManifest.xml:260:13-72
	android:name
		ADDED from src/main/AndroidManifest.xml:258:13-86
activity#cn.com.amome.amomeshoes.view.main.health.service.shoebox.ShoeHeelListActivity
ADDED from src/main/AndroidManifest.xml:264:9-269:20
	android:screenOrientation
		ADDED from src/main/AndroidManifest.xml:266:13-49
	android:windowSoftInputMode
		ADDED from src/main/AndroidManifest.xml:268:13-64
	android:theme
		ADDED from src/main/AndroidManifest.xml:267:13-72
	android:name
		ADDED from src/main/AndroidManifest.xml:265:13-82
activity#cn.com.amome.amomeshoes.view.main.health.service.shoebox.ShoesBoxListActivity
ADDED from src/main/AndroidManifest.xml:271:9-275:20
	android:screenOrientation
		ADDED from src/main/AndroidManifest.xml:273:13-49
	android:theme
		ADDED from src/main/AndroidManifest.xml:274:13-72
	android:name
		ADDED from src/main/AndroidManifest.xml:272:13-82
activity#cn.com.amome.amomeshoes.view.main.health.service.shoebox.ShoesBoxInfoActivity
ADDED from src/main/AndroidManifest.xml:277:9-282:20
	android:screenOrientation
		ADDED from src/main/AndroidManifest.xml:279:13-49
	android:windowSoftInputMode
		ADDED from src/main/AndroidManifest.xml:281:13-64
	android:theme
		ADDED from src/main/AndroidManifest.xml:280:13-72
	android:name
		ADDED from src/main/AndroidManifest.xml:278:13-82
activity#cn.com.amome.amomeshoes.view.main.health.service.shoebox.EditShoesBoxActivity
ADDED from src/main/AndroidManifest.xml:284:9-289:20
	android:screenOrientation
		ADDED from src/main/AndroidManifest.xml:286:13-49
	android:windowSoftInputMode
		ADDED from src/main/AndroidManifest.xml:288:13-64
	android:theme
		ADDED from src/main/AndroidManifest.xml:287:13-72
	android:name
		ADDED from src/main/AndroidManifest.xml:285:13-82
activity#cn.com.amome.amomeshoes.view.main.health.service.shoebox.ShoesDelReasonActivity
ADDED from src/main/AndroidManifest.xml:291:9-295:20
	android:label
		ADDED from src/main/AndroidManifest.xml:293:13-65
	android:theme
		ADDED from src/main/AndroidManifest.xml:294:13-47
	android:name
		ADDED from src/main/AndroidManifest.xml:292:13-84
activity#cn.com.amome.amomeshoes.view.main.health.service.shoebox.charts.ShoeChartMainFragmentActivity
ADDED from src/main/AndroidManifest.xml:297:9-301:20
	android:screenOrientation
		ADDED from src/main/AndroidManifest.xml:299:13-49
	android:theme
		ADDED from src/main/AndroidManifest.xml:300:13-72
	android:name
		ADDED from src/main/AndroidManifest.xml:298:13-98
activity#cn.com.amome.amomeshoes.view.main.health.service.assistant.AssistMainActivity
ADDED from src/main/AndroidManifest.xml:303:9-307:20
	android:label
		ADDED from src/main/AndroidManifest.xml:305:13-63
	android:theme
		ADDED from src/main/AndroidManifest.xml:306:13-72
	android:name
		ADDED from src/main/AndroidManifest.xml:304:13-82
activity#cn.com.amome.amomeshoes.view.main.health.service.assistant.AssistOptionActivity
ADDED from src/main/AndroidManifest.xml:309:9-313:20
	android:label
		ADDED from src/main/AndroidManifest.xml:311:13-65
	android:theme
		ADDED from src/main/AndroidManifest.xml:312:13-72
	android:name
		ADDED from src/main/AndroidManifest.xml:310:13-84
activity#cn.com.amome.amomeshoes.view.main.my.secret.FootSecretActivity
ADDED from src/main/AndroidManifest.xml:315:9-319:20
	android:screenOrientation
		ADDED from src/main/AndroidManifest.xml:317:13-49
	android:theme
		ADDED from src/main/AndroidManifest.xml:318:13-72
	android:name
		ADDED from src/main/AndroidManifest.xml:316:13-67
activity#cn.com.amome.amomeshoes.view.main.my.secret.ShoeSecretActivity
ADDED from src/main/AndroidManifest.xml:321:9-326:20
	android:screenOrientation
		ADDED from src/main/AndroidManifest.xml:324:13-49
	android:label
		ADDED from src/main/AndroidManifest.xml:323:13-63
	android:theme
		ADDED from src/main/AndroidManifest.xml:325:13-72
	android:name
		ADDED from src/main/AndroidManifest.xml:322:13-67
activity#cn.com.amome.amomeshoes.view.main.my.user.ClipAvatarActivity
ADDED from src/main/AndroidManifest.xml:328:9-332:20
	android:screenOrientation
		ADDED from src/main/AndroidManifest.xml:330:13-49
	android:theme
		ADDED from src/main/AndroidManifest.xml:331:13-72
	android:name
		ADDED from src/main/AndroidManifest.xml:329:13-65
activity#cn.com.amome.amomeshoes.view.main.my.user.MyInfomationActivity
ADDED from src/main/AndroidManifest.xml:334:9-339:20
	android:screenOrientation
		ADDED from src/main/AndroidManifest.xml:336:13-49
	android:windowSoftInputMode
		ADDED from src/main/AndroidManifest.xml:338:13-72
	android:theme
		ADDED from src/main/AndroidManifest.xml:337:13-72
	android:name
		ADDED from src/main/AndroidManifest.xml:335:13-67
activity#cn.com.amome.amomeshoes.view.main.my.setting.AppSettingActivity
ADDED from src/main/AndroidManifest.xml:341:9-345:20
	android:screenOrientation
		ADDED from src/main/AndroidManifest.xml:343:13-49
	android:theme
		ADDED from src/main/AndroidManifest.xml:344:13-72
	android:name
		ADDED from src/main/AndroidManifest.xml:342:13-68
activity#cn.com.amome.amomeshoes.view.main.my.setting.AccountManagementActivity
ADDED from src/main/AndroidManifest.xml:348:9-352:20
	android:screenOrientation
		ADDED from src/main/AndroidManifest.xml:350:13-49
	android:theme
		ADDED from src/main/AndroidManifest.xml:351:13-72
	android:name
		ADDED from src/main/AndroidManifest.xml:349:13-75
activity#cn.com.amome.amomeshoes.view.main.my.setting.ChangPwActivity
ADDED from src/main/AndroidManifest.xml:354:9-358:20
	android:screenOrientation
		ADDED from src/main/AndroidManifest.xml:356:13-49
	android:theme
		ADDED from src/main/AndroidManifest.xml:357:13-72
	android:name
		ADDED from src/main/AndroidManifest.xml:355:13-65
activity#cn.com.amome.amomeshoes.view.main.my.setting.UserHelpActivity
ADDED from src/main/AndroidManifest.xml:360:9-365:20
	android:screenOrientation
		ADDED from src/main/AndroidManifest.xml:362:13-49
	android:windowSoftInputMode
		ADDED from src/main/AndroidManifest.xml:364:13-72
	android:theme
		ADDED from src/main/AndroidManifest.xml:363:13-72
	android:name
		ADDED from src/main/AndroidManifest.xml:361:13-66
activity#cn.com.amome.amomeshoes.view.main.my.setting.UpgradeAmomeActivity
ADDED from src/main/AndroidManifest.xml:367:9-371:20
	android:screenOrientation
		ADDED from src/main/AndroidManifest.xml:369:13-49
	android:theme
		ADDED from src/main/AndroidManifest.xml:370:13-72
	android:name
		ADDED from src/main/AndroidManifest.xml:368:13-70
activity#cn.com.amome.amomeshoes.view.main.my.setting.ContactUsActivity
ADDED from src/main/AndroidManifest.xml:373:9-377:20
	android:screenOrientation
		ADDED from src/main/AndroidManifest.xml:375:13-49
	android:theme
		ADDED from src/main/AndroidManifest.xml:376:13-72
	android:name
		ADDED from src/main/AndroidManifest.xml:374:13-67
activity#cn.com.amome.amomeshoes.view.main.bind.BindActivity
ADDED from src/main/AndroidManifest.xml:379:9-384:20
	android:screenOrientation
		ADDED from src/main/AndroidManifest.xml:382:13-49
	android:label
		ADDED from src/main/AndroidManifest.xml:381:13-56
	android:theme
		ADDED from src/main/AndroidManifest.xml:383:13-72
	android:name
		ADDED from src/main/AndroidManifest.xml:380:13-56
activity#cn.com.amome.amomeshoes.view.main.my.user.JobListActivity
ADDED from src/main/AndroidManifest.xml:386:9-391:20
	android:screenOrientation
		ADDED from src/main/AndroidManifest.xml:388:13-49
	android:windowSoftInputMode
		ADDED from src/main/AndroidManifest.xml:390:13-72
	android:theme
		ADDED from src/main/AndroidManifest.xml:389:13-72
	android:name
		ADDED from src/main/AndroidManifest.xml:387:13-62
activity#cn.com.amome.amomeshoes.view.main.my.user.HobbyListActivity
ADDED from src/main/AndroidManifest.xml:393:9-398:20
	android:screenOrientation
		ADDED from src/main/AndroidManifest.xml:395:13-49
	android:windowSoftInputMode
		ADDED from src/main/AndroidManifest.xml:397:13-72
	android:theme
		ADDED from src/main/AndroidManifest.xml:396:13-72
	android:name
		ADDED from src/main/AndroidManifest.xml:394:13-64
activity#cn.com.amome.amomeshoes.view.main.my.SendOpinionActivity
ADDED from src/main/AndroidManifest.xml:400:9-404:20
	android:screenOrientation
		ADDED from src/main/AndroidManifest.xml:402:13-49
	android:theme
		ADDED from src/main/AndroidManifest.xml:403:13-72
	android:name
		ADDED from src/main/AndroidManifest.xml:401:13-61
activity#cn.com.amome.amomeshoes.view.main.my.setting.MoreSettingActivity
ADDED from src/main/AndroidManifest.xml:405:9-410:20
	android:screenOrientation
		ADDED from src/main/AndroidManifest.xml:408:13-49
	android:label
		ADDED from src/main/AndroidManifest.xml:407:13-64
	android:theme
		ADDED from src/main/AndroidManifest.xml:409:13-72
	android:name
		ADDED from src/main/AndroidManifest.xml:406:13-69
activity#cn.com.amome.amomeshoes.view.main.bind.ScanBluetoothActivity
ADDED from src/main/AndroidManifest.xml:412:9-416:20
	android:label
		ADDED from src/main/AndroidManifest.xml:414:13-66
	android:theme
		ADDED from src/main/AndroidManifest.xml:415:13-72
	android:name
		ADDED from src/main/AndroidManifest.xml:413:13-65
activity#cn.com.amome.amomeshoes.view.main.bind.BindShockActivity
ADDED from src/main/AndroidManifest.xml:418:9-423:20
	android:screenOrientation
		ADDED from src/main/AndroidManifest.xml:421:13-49
	android:label
		ADDED from src/main/AndroidManifest.xml:420:13-62
	android:theme
		ADDED from src/main/AndroidManifest.xml:422:13-72
	android:name
		ADDED from src/main/AndroidManifest.xml:419:13-61
activity#cn.com.amome.amomeshoes.view.main.bind.BindStressActivity
ADDED from src/main/AndroidManifest.xml:425:9-430:20
	android:screenOrientation
		ADDED from src/main/AndroidManifest.xml:428:13-49
	android:label
		ADDED from src/main/AndroidManifest.xml:427:13-63
	android:theme
		ADDED from src/main/AndroidManifest.xml:429:13-72
	android:name
		ADDED from src/main/AndroidManifest.xml:426:13-62
activity#cn.com.amome.amomeshoes.view.main.bind.BindWalkActivity
ADDED from src/main/AndroidManifest.xml:432:9-437:20
	android:screenOrientation
		ADDED from src/main/AndroidManifest.xml:435:13-49
	android:label
		ADDED from src/main/AndroidManifest.xml:434:13-61
	android:theme
		ADDED from src/main/AndroidManifest.xml:436:13-72
	android:name
		ADDED from src/main/AndroidManifest.xml:433:13-60
activity#cn.com.amome.amomeshoes.view.main.bind.SweepShoesActivity
ADDED from src/main/AndroidManifest.xml:439:9-444:20
	android:screenOrientation
		ADDED from src/main/AndroidManifest.xml:442:13-49
	android:label
		ADDED from src/main/AndroidManifest.xml:441:13-63
	android:theme
		ADDED from src/main/AndroidManifest.xml:443:13-72
	android:name
		ADDED from src/main/AndroidManifest.xml:440:13-62
activity#cn.com.amome.amomeshoes.view.main.my.setting.MyShoesActivity
ADDED from src/main/AndroidManifest.xml:446:9-451:20
	android:screenOrientation
		ADDED from src/main/AndroidManifest.xml:449:13-49
	android:label
		ADDED from src/main/AndroidManifest.xml:448:13-60
	android:theme
		ADDED from src/main/AndroidManifest.xml:450:13-72
	android:name
		ADDED from src/main/AndroidManifest.xml:447:13-65
activity#cn.com.amome.amomeshoes.view.main.health.detection.ReconnectionActivity
ADDED from src/main/AndroidManifest.xml:453:9-457:20
	android:label
		ADDED from src/main/AndroidManifest.xml:455:13-64
	android:theme
		ADDED from src/main/AndroidManifest.xml:456:13-47
	android:name
		ADDED from src/main/AndroidManifest.xml:454:13-76
activity#cn.com.amome.amomeshoes.view.main.health.detection.squat.SquatDetectionActivity
ADDED from src/main/AndroidManifest.xml:459:9-464:20
	android:screenOrientation
		ADDED from src/main/AndroidManifest.xml:462:13-49
	android:label
		ADDED from src/main/AndroidManifest.xml:461:13-67
	android:theme
		ADDED from src/main/AndroidManifest.xml:463:13-72
	android:name
		ADDED from src/main/AndroidManifest.xml:460:13-84
activity#cn.com.amome.amomeshoes.view.main.health.detection.squat.SquatRecDetectionActivity
ADDED from src/main/AndroidManifest.xml:466:9-471:20
	android:screenOrientation
		ADDED from src/main/AndroidManifest.xml:469:13-49
	android:label
		ADDED from src/main/AndroidManifest.xml:468:13-67
	android:theme
		ADDED from src/main/AndroidManifest.xml:470:13-72
	android:name
		ADDED from src/main/AndroidManifest.xml:467:13-87
activity#cn.com.amome.amomeshoes.view.main.health.detection.squat.SquatReportActivity
ADDED from src/main/AndroidManifest.xml:473:9-478:20
	android:screenOrientation
		ADDED from src/main/AndroidManifest.xml:476:13-49
	android:label
		ADDED from src/main/AndroidManifest.xml:475:13-74